# JRE version: OpenJDK Runtime Environment (8.0_152-b02) (build 1.8.0_152-release-1024-b02)
# Java VM: OpenJDK 64-Bit Server VM (25.152-b02 mixed mode windows-amd64 compressed oops)
Heap:
 PSYoungGen      total 267776K, used 259021K [0x00000000e0000000, 0x00000000f3800000, 0x0000000100000000)
  eden space 222208K, 100% used [0x00000000e0000000,0x00000000ed900000,0x00000000ed900000)
  from space 45568K, 80% used [0x00000000f0b00000,0x00000000f2ef3550,0x00000000f3780000)
  to   space 48640K, 68% used [0x00000000ed900000,0x00000000ef9a94a8,0x00000000f0880000)
 ParOldGen       total 655872K, used 444428K [0x00000000a0000000, 0x00000000c8080000, 0x00000000e0000000)
  object space 655872K, 67% used [0x00000000a0000000,0x00000000bb2032a8,0x00000000c8080000)
 Metaspace       used 88311K, capacity 93132K, committed 93272K, reserved 1130496K
  class space    used 11335K, capacity 12294K, committed 12416K, reserved 1048576K
GC Heap History (10 events):
Event: 60.812 GC heap after
Heap after GC invocations=15 (full 3):
 PSYoungGen      total 280064K, used 30009K [0x00000000e0000000, 0x00000000f3900000, 0x0000000100000000)
  eden space 245760K, 0% used [0x00000000e0000000,0x00000000e0000000,0x00000000ef000000)
  from space 34304K, 87% used [0x00000000f1680000,0x00000000f33ce460,0x00000000f3800000)
  to   space 37376K, 0% used [0x00000000ef000000,0x00000000ef000000,0x00000000f1480000)
 ParOldGen       total 262656K, used 51362K [0x00000000a0000000, 0x00000000b0080000, 0x00000000e0000000)
  object space 262656K, 19% used [0x00000000a0000000,0x00000000a3228a68,0x00000000b0080000)
 Metaspace       used 85615K, capacity 90024K, committed 90200K, reserved 1128448K
  class space    used 11244K, capacity 12100K, committed 12160K, reserved 1048576K
}
Event: 757.976 GC heap before
{Heap before GC invocations=16 (full 3):
 PSYoungGen      total 280064K, used 275769K [0x00000000e0000000, 0x00000000f3900000, 0x0000000100000000)
  eden space 245760K, 100% used [0x00000000e0000000,0x00000000ef000000,0x00000000ef000000)
  from space 34304K, 87% used [0x00000000f1680000,0x00000000f33ce460,0x00000000f3800000)
  to   space 37376K, 0% used [0x00000000ef000000,0x00000000ef000000,0x00000000f1480000)
 ParOldGen       total 262656K, used 51362K [0x00000000a0000000, 0x00000000b0080000, 0x00000000e0000000)
  object space 262656K, 19% used [0x00000000a0000000,0x00000000a3228a68,0x00000000b0080000)
 Metaspace       used 86305K, capacity 90906K, committed 90968K, reserved 1128448K
  class space    used 11254K, capacity 12117K, committed 12160K, reserved 1048576K
Event: 757.991 GC heap after
Heap after GC invocations=16 (full 3):
 PSYoungGen      total 273920K, used 34114K [0x00000000e0000000, 0x00000000f3b00000, 0x0000000100000000)
  eden space 239616K, 0% used [0x00000000e0000000,0x00000000e0000000,0x00000000eea00000)
  from space 34304K, 99% used [0x00000000ef000000,0x00000000f11509f8,0x00000000f1180000)
  to   space 41472K, 0% used [0x00000000f1280000,0x00000000f1280000,0x00000000f3b00000)
 ParOldGen       total 262656K, used 51370K [0x00000000a0000000, 0x00000000b0080000, 0x00000000e0000000)
  object space 262656K, 19% used [0x00000000a0000000,0x00000000a322aa68,0x00000000b0080000)
 Metaspace       used 86305K, capacity 90906K, committed 90968K, reserved 1128448K
  class space    used 11254K, capacity 12117K, committed 12160K, reserved 1048576K
}
Event: 788.060 GC heap before
{Heap before GC invocations=17 (full 3):
 PSYoungGen      total 273920K, used 273730K [0x00000000e0000000, 0x00000000f3b00000, 0x0000000100000000)
  eden space 239616K, 100% used [0x00000000e0000000,0x00000000eea00000,0x00000000eea00000)
  from space 34304K, 99% used [0x00000000ef000000,0x00000000f11509f8,0x00000000f1180000)
  to   space 41472K, 0% used [0x00000000f1280000,0x00000000f1280000,0x00000000f3b00000)
 ParOldGen       total 262656K, used 51370K [0x00000000a0000000, 0x00000000b0080000, 0x00000000e0000000)
  object space 262656K, 19% used [0x00000000a0000000,0x00000000a322aa68,0x00000000b0080000)
 Metaspace       used 87093K, capacity 91732K, committed 91864K, reserved 1128448K
  class space    used 11293K, capacity 12196K, committed 12288K, reserved 1048576K
Event: 788.073 GC heap after
Heap after GC invocations=17 (full 3):
 PSYoungGen      total 271872K, used 28832K [0x00000000e0000000, 0x00000000f3800000, 0x0000000100000000)
  eden space 233472K, 0% used [0x00000000e0000000,0x00000000e0000000,0x00000000ee400000)
  from space 38400K, 75% used [0x00000000f1280000,0x00000000f2ea8390,0x00000000f3800000)
  to   space 43008K, 0% used [0x00000000ee400000,0x00000000ee400000,0x00000000f0e00000)
 ParOldGen       total 262656K, used 51378K [0x00000000a0000000, 0x00000000b0080000, 0x00000000e0000000)
  object space 262656K, 19% used [0x00000000a0000000,0x00000000a322ca68,0x00000000b0080000)
 Metaspace       used 87093K, capacity 91732K, committed 91864K, reserved 1128448K
  class space    used 11293K, capacity 12196K, committed 12288K, reserved 1048576K
}
Event: 789.467 GC heap before
{Heap before GC invocations=18 (full 3):
 PSYoungGen      total 271872K, used 261854K [0x00000000e0000000, 0x00000000f3800000, 0x0000000100000000)
  eden space 233472K, 99% used [0x00000000e0000000,0x00000000ee38f538,0x00000000ee400000)
  from space 38400K, 75% used [0x00000000f1280000,0x00000000f2ea8390,0x00000000f3800000)
  to   space 43008K, 0% used [0x00000000ee400000,0x00000000ee400000,0x00000000f0e00000)
 ParOldGen       total 262656K, used 51378K [0x00000000a0000000, 0x00000000b0080000, 0x00000000e0000000)
  object space 262656K, 19% used [0x00000000a0000000,0x00000000a322ca68,0x00000000b0080000)
 Metaspace       used 87603K, capacity 92366K, committed 92632K, reserved 1130496K
  class space    used 11300K, capacity 12233K, committed 12288K, reserved 1048576K
Event: 789.481 GC heap after
Heap after GC invocations=18 (full 3):
 PSYoungGen      total 261632K, used 33494K [0x00000000e0000000, 0x00000000f3780000, 0x0000000100000000)
  eden space 227840K, 0% used [0x00000000e0000000,0x00000000e0000000,0x00000000ede80000)
  from space 33792K, 99% used [0x00000000ee400000,0x00000000f04b59b0,0x00000000f0500000)
  to   space 45568K, 0% used [0x00000000f0b00000,0x00000000f0b00000,0x00000000f3780000)
 ParOldGen       total 262656K, used 51386K [0x00000000a0000000, 0x00000000b0080000, 0x00000000e0000000)
  object space 262656K, 19% used [0x00000000a0000000,0x00000000a322ea68,0x00000000b0080000)
 Metaspace       used 87603K, capacity 92366K, committed 92632K, reserved 1130496K
  class space    used 11300K, capacity 12233K, committed 12288K, reserved 1048576K
}
Event: 840.168 GC heap before
{Heap before GC invocations=19 (full 3):
 PSYoungGen      total 261632K, used 259677K [0x00000000e0000000, 0x00000000f3780000, 0x0000000100000000)
  eden space 227840K, 99% used [0x00000000e0000000,0x00000000edce1df8,0x00000000ede80000)
  from space 33792K, 99% used [0x00000000ee400000,0x00000000f04b59b0,0x00000000f0500000)
  to   space 45568K, 0% used [0x00000000f0b00000,0x00000000f0b00000,0x00000000f3780000)
 ParOldGen       total 262656K, used 51386K [0x00000000a0000000, 0x00000000b0080000, 0x00000000e0000000)
  object space 262656K, 19% used [0x00000000a0000000,0x00000000a322ea68,0x00000000b0080000)
 Metaspace       used 87918K, capacity 92612K, committed 92888K, reserved 1130496K
  class space    used 11306K, capacity 12242K, committed 12288K, reserved 1048576K
Event: 840.184 GC heap after
Heap after GC invocations=19 (full 3):
 PSYoungGen      total 267776K, used 36813K [0x00000000e0000000, 0x00000000f3800000, 0x0000000100000000)
  eden space 222208K, 0% used [0x00000000e0000000,0x00000000e0000000,0x00000000ed900000)
  from space 45568K, 80% used [0x00000000f0b00000,0x00000000f2ef3550,0x00000000f3780000)
  to   space 48640K, 0% used [0x00000000ed900000,0x00000000ed900000,0x00000000f0880000)
 ParOldGen       total 262656K, used 51394K [0x00000000a0000000, 0x00000000b0080000, 0x00000000e0000000)
  object space 262656K, 19% used [0x00000000a0000000,0x00000000a3230a68,0x00000000b0080000)
 Metaspace       used 87918K, capacity 92612K, committed 92888K, reserved 1130496K
  class space    used 11306K, capacity 12242K, committed 12288K, reserved 1048576K
}
Event: 879.239 GC heap before
{Heap before GC invocations=20 (full 3):
 PSYoungGen      total 267776K, used 259021K [0x00000000e0000000, 0x00000000f3800000, 0x0000000100000000)
  eden space 222208K, 100% used [0x00000000e0000000,0x00000000ed900000,0x00000000ed900000)
  from space 45568K, 80% used [0x00000000f0b00000,0x00000000f2ef3550,0x00000000f3780000)
  to   space 48640K, 0% used [0x00000000ed900000,0x00000000ed900000,0x00000000f0880000)
 ParOldGen       total 262656K, used 51394K [0x00000000a0000000, 0x00000000b0080000, 0x00000000e0000000)
  object space 262656K, 19% used [0x00000000a0000000,0x00000000a3230a68,0x00000000b0080000)
 Metaspace       used 88311K, capacity 93132K, committed 93272K, reserved 1130496K
  class space    used 11335K, capacity 12294K, committed 12416K, reserved 1048576K

